2020-04-24 21:34:07,888 : INFO : Machine : Mission Pinball Framework Core Engine v0.53.3
2020-04-24 21:34:07,888 : INFO : Machine : Command line arguments: {'no_load_cache': False, 'create_config_cache': True, 'bcp': True, 'configfile': ['config.yaml'], 'mpfconfigfile': 'c:\\users\\almac\\appdata\\local\\programs\\python\\python36\\lib\\site-packages\\mpf\\mpfconfig.yaml', 'force_assets_load': False, 'jsonlogging': False, 'logfile': 'logs\\2020-04-24-21-34-07-mpf-DESKTOP-G75O39F.log', 'pause': False, 'production': False, 'text_ui': True, 'loglevel': 15, 'consoleloglevel': 20, 'force_platform': 'virtual', 'syslog_address': None, 'mc_file_name': None, 'no_sound': False}
2020-04-24 21:34:07,888 : INFO : Machine : MPF path: c:\users\almac\appdata\local\programs\python\python36\lib\site-packages\mpf
2020-04-24 21:34:07,888 : INFO : Machine : Machine path: C:\Users\almac\Desktop\POKEMON - 3 - GYMS DISPLAYS
2020-04-24 21:34:07,888 : INFO : Machine : Platform: win32
2020-04-24 21:34:07,888 : INFO : Machine : Python executable location: c:\users\almac\appdata\local\programs\python\python36\python.exe
2020-04-24 21:34:07,888 : INFO : Machine : Python version: 3.6.4 (64-bit)
2020-04-24 21:34:07,888 : INFO : Machine : Machine config file #1: config.yaml
2020-04-24 21:34:07,889 : WARNING : ConfigProcessor : Config file in cache changed: C:\Users\almac\Desktop\POKEMON - 3 - GYMS DISPLAYS\config\config.yaml
2020-04-24 21:34:07,890 : INFO : ConfigProcessor : Loading config from file c:\users\almac\appdata\local\programs\python\python36\lib\site-packages\mpf\mpfconfig.yaml.
2020-04-24 21:34:07,986 : INFO : ConfigProcessor : Loading config: c:\users\almac\appdata\local\programs\python\python36\lib\site-packages\mpf\mpfconfig.yaml
2020-04-24 21:34:07,997 : INFO : ConfigProcessor : Loading config from file C:\Users\almac\Desktop\POKEMON - 3 - GYMS DISPLAYS\config\config.yaml.
2020-04-24 21:34:08,056 : INFO : ConfigProcessor : Loading config: C:\Users\almac\Desktop\POKEMON - 3 - GYMS DISPLAYS\config\config.yaml
2020-04-24 21:34:08,062 : INFO : ConfigProcessor : Loading config: C:\Users\almac\Desktop\POKEMON - 3 - GYMS DISPLAYS\config\player_variables.yaml
2020-04-24 21:34:08,068 : INFO : ConfigProcessor : Loading config: C:\Users\almac\Desktop\POKEMON - 3 - GYMS DISPLAYS\config\key_mapping.yaml
2020-04-24 21:34:08,070 : INFO : ConfigProcessor : Config file cache created: C:\Users\almac\AppData\Local\Temp\7e2eeb7adc3e9346d7ac40e0ea20ec1e.mpf_cache
2020-04-24 21:34:08,073 : INFO : Machine : Initialise MPF.
2020-04-24 21:34:08,376 : INFO : EventManager : Event: ======'machine_var_credits_string'====== Args={'value': 'FREE PLAY', 'prev_value': None, 'change': True}
2020-04-24 21:34:08,427 : INFO : EventManager : Event: ======'machine_var_player1_score'====== Args={'value': 325, 'prev_value': None, 'change': True}
2020-04-24 21:34:08,428 : INFO : EventManager : Event: ======'machine_var_mpf_version'====== Args={'value': 'MPF v0.53.3', 'prev_value': None, 'change': True}
2020-04-24 21:34:08,428 : INFO : EventManager : Event: ======'machine_var_mpf_extended_version'====== Args={'value': 'MPF v0.53.3, Config version:5, Show version: 5, BCP version:1.1', 'prev_value': None, 'change': True}
2020-04-24 21:34:08,428 : INFO : EventManager : Event: ======'machine_var_python_version'====== Args={'value': '3.6.4', 'prev_value': None, 'change': True}
2020-04-24 21:34:08,428 : INFO : EventManager : Event: ======'machine_var_platform'====== Args={'value': 'Windows-10-10.0.18362-SP0', 'prev_value': None, 'change': True}
2020-04-24 21:34:08,428 : INFO : EventManager : Event: ======'machine_var_platform_system'====== Args={'value': 'Windows', 'prev_value': None, 'change': True}
2020-04-24 21:34:08,428 : INFO : EventManager : Event: ======'machine_var_platform_release'====== Args={'value': '10', 'prev_value': None, 'change': True}
2020-04-24 21:34:08,428 : INFO : EventManager : Event: ======'machine_var_platform_version'====== Args={'value': '10.0.18362', 'prev_value': None, 'change': True}
2020-04-24 21:34:08,428 : INFO : EventManager : Event: ======'machine_var_platform_machine'====== Args={'value': 'AMD64', 'prev_value': None, 'change': True}
2020-04-24 21:34:08,428 : INFO : EventManager : Event: ======'init_phase_1'====== Args={}
2020-04-24 21:34:08,472 : INFO : ConfigProcessor : Loading config from cache: C:\Users\almac\AppData\Local\Temp\036748943cac56c7bd6ad88ab181e939.mpf_cache
2020-04-24 21:34:08,479 : INFO : ConfigProcessor : Loading config from cache: C:\Users\almac\AppData\Local\Temp\6a2515e5578170ee7c481918e8ad2f89.mpf_cache
2020-04-24 21:34:08,490 : INFO : ConfigProcessor : Loading config from cache: C:\Users\almac\AppData\Local\Temp\b4d0867be334940cb466afaf69e313e7.mpf_cache
2020-04-24 21:34:08,497 : INFO : ConfigProcessor : Loading config from cache: C:\Users\almac\AppData\Local\Temp\a6ccd90d593a0a37a53caade155ad1ba.mpf_cache
2020-04-24 21:34:08,505 : INFO : ConfigProcessor : Loading config from cache: C:\Users\almac\AppData\Local\Temp\d9a03399118b20066f9cff89316d988f.mpf_cache
2020-04-24 21:34:08,512 : INFO : ConfigProcessor : Loading config from cache: C:\Users\almac\AppData\Local\Temp\21ceec6db30d530d29ceb2a24f580660.mpf_cache
2020-04-24 21:34:08,519 : INFO : ConfigProcessor : Loading config from cache: C:\Users\almac\AppData\Local\Temp\4b2bbfab4b37dffa05003e5f79a27d96.mpf_cache
2020-04-24 21:34:08,526 : INFO : ConfigProcessor : Loading config from cache: C:\Users\almac\AppData\Local\Temp\3269735834f21edcb798d27968bc80ec.mpf_cache
2020-04-24 21:34:08,533 : INFO : ConfigProcessor : Loading config from cache: C:\Users\almac\AppData\Local\Temp\0c2d4373de4c139b5caf1ae1d6efa159.mpf_cache
2020-04-24 21:34:08,539 : INFO : ConfigProcessor : Loading config from cache: C:\Users\almac\AppData\Local\Temp\135345d98d09ebb631f1f4168ee4bddd.mpf_cache
2020-04-24 21:34:08,545 : INFO : ConfigProcessor : Loading config from cache: C:\Users\almac\AppData\Local\Temp\d82b7a83128fc96d7d48405814f40043.mpf_cache
2020-04-24 21:34:08,551 : INFO : ConfigProcessor : Loading config from cache: C:\Users\almac\AppData\Local\Temp\8ddfb447de2b01e44b23216721dda7a3.mpf_cache
2020-04-24 21:34:08,558 : INFO : ConfigProcessor : Loading config from cache: C:\Users\almac\AppData\Local\Temp\c2f57ef35704922bc3256703c75f30b3.mpf_cache
2020-04-24 21:34:08,564 : INFO : ConfigProcessor : Loading config from cache: C:\Users\almac\AppData\Local\Temp\6c5cfa20d0385fd965d217711b1aeb32.mpf_cache
2020-04-24 21:34:08,571 : INFO : ConfigProcessor : Loading config from cache: C:\Users\almac\AppData\Local\Temp\742f7a6f2aeec6d5815b94fa17105685.mpf_cache
2020-04-24 21:34:08,578 : INFO : ConfigProcessor : Loading config from cache: C:\Users\almac\AppData\Local\Temp\171d817f4c89f5ac56c44dd1390284d8.mpf_cache
2020-04-24 21:34:08,585 : INFO : ConfigProcessor : Loading config from cache: C:\Users\almac\AppData\Local\Temp\d4de016b91f785700931d2e051e1d4e7.mpf_cache
2020-04-24 21:34:08,592 : INFO : ConfigProcessor : Loading config from cache: C:\Users\almac\AppData\Local\Temp\de2b578fa5efd9234e099e7c8c874c24.mpf_cache
2020-04-24 21:34:08,599 : INFO : ConfigProcessor : Loading config from cache: C:\Users\almac\AppData\Local\Temp\3b2410a2d0f22ddc5471ed1d5d270ef4.mpf_cache
2020-04-24 21:34:08,606 : INFO : ConfigProcessor : Loading config from cache: C:\Users\almac\AppData\Local\Temp\b0a148e38751c8c7cb9962eaeb77a00c.mpf_cache
2020-04-24 21:34:08,613 : INFO : ConfigProcessor : Loading config from cache: C:\Users\almac\AppData\Local\Temp\91438244ab1d3b36dd5ddff5729565b7.mpf_cache
2020-04-24 21:34:08,620 : INFO : ConfigProcessor : Loading config from cache: C:\Users\almac\AppData\Local\Temp\5270a54f7cee61b1bf9856b60a57d455.mpf_cache
2020-04-24 21:34:08,627 : INFO : ConfigProcessor : Loading config from cache: C:\Users\almac\AppData\Local\Temp\df62c1fc2b449833116c5a0d3b15ea2a.mpf_cache
2020-04-24 21:34:08,636 : INFO : ConfigProcessor : Loading config from cache: C:\Users\almac\AppData\Local\Temp\540271016e8d863c0fb4bb8e695b1cee.mpf_cache
2020-04-24 21:34:08,643 : INFO : ConfigProcessor : Loading config from cache: C:\Users\almac\AppData\Local\Temp\8cbd206737dd3ec2b0ce8f516406b405.mpf_cache
2020-04-24 21:34:08,674 : INFO : EventManager : Event: ======'drop_target_bank_right_bank_up'====== Args={}
2020-04-24 21:34:08,675 : INFO : EventManager : Event: ======'init_phase_2'====== Args={}
2020-04-24 21:34:08,686 : INFO : EventManager : Event: ======'bcp_connection_attempt'====== Args={'name': 'local_display', 'host': 'localhost', 'port': 5050}
2020-04-24 21:34:08,688 : INFO : BCPClientSocket : Connecting BCP to 'local_display' at localhost:5050...
2020-04-24 21:37:43,188 : INFO : Machine : Starting the main run loop.
2020-04-24 21:37:43,188 : INFO : Machine : Shutting down...
2020-04-24 21:37:43,188 : INFO : EventManager : Event: ======'shutdown'====== Args={}
2020-04-24 21:37:43,195 : INFO : root : MPF run loop ended.
